MyDeepNavigation/app/build/intermediates/manifest_merge_blame_file/debug/manifest-merger-blame-debug-report.txt
1<?xml version="1.0" encoding="utf-8"?>
2<manifest xmlns:android="http://schemas.android.com/apk/res/android"
3    package="com.example.mydeepnavigation"
4    android:versionCode="1"
5    android:versionName="1.0" >
6
7    <uses-sdk
8        android:minSdkVersion="21"
8-->src\main\AndroidManifest.xml
9        android:targetSdkVersion="30" />
9-->src\main\AndroidManifest.xml
10
11    <application
11-->src\main\AndroidManifest.xml:5:5-29:19
12        android:allowBackup="true"
12-->src\main\AndroidManifest.xml:6:9-35
13        android:appComponentFactory="androidx.core.app.CoreComponentFactory"
13-->[androidx.core:core:1.3.1] AndroidManifest.xml:24:18-86
14        android:debuggable="true"
15        android:icon="@mipmap/ic_launcher"
15-->src\main\AndroidManifest.xml:7:9-43
16        android:label="@string/app_name"
16-->src\main\AndroidManifest.xml:8:9-41
17        android:roundIcon="@mipmap/ic_launcher_round"
17-->src\main\AndroidManifest.xml:9:9-54
18        android:supportsRtl="true"
18-->src\main\AndroidManifest.xml:10:9-35
19        android:theme="@style/Theme.MyDeepNavigation" >
19-->src\main\AndroidManifest.xml:11:9-54
20        <activity
20-->src\main\AndroidManifest.xml:12:9-19:20
21            android:name="com.example.mydeepnavigation.DetailActivity"
21-->src\main\AndroidManifest.xml:13:13-43
22            android:label="@string/activity_detail"
22-->src\main\AndroidManifest.xml:14:13-52
23            android:parentActivityName="com.example.mydeepnavigation.MainActivity" >
23-->src\main\AndroidManifest.xml:15:13-55
24            <meta-data
24-->src\main\AndroidManifest.xml:16:13-18:49
25                android:name="android.support.PARENT_ACTIVITY"
25-->src\main\AndroidManifest.xml:17:17-63
26                android:value=".MainActivity" />
26-->src\main\AndroidManifest.xml:18:17-46
27        </activity>
28        <activity
28-->src\main\AndroidManifest.xml:20:9-28:20
29            android:name="com.example.mydeepnavigation.MainActivity"
29-->src\main\AndroidManifest.xml:21:13-41
30            android:launchMode="singleTop" >
30-->src\main\AndroidManifest.xml:22:13-43
31            <intent-filter>
31-->src\main\AndroidManifest.xml:23:13-27:29
32                <action android:name="android.intent.action.MAIN" />
32-->src\main\AndroidManifest.xml:24:17-69
32-->src\main\AndroidManifest.xml:24:25-66
33
34                <category android:name="android.intent.category.LAUNCHER" />
34-->src\main\AndroidManifest.xml:26:17-77
34-->src\main\AndroidManifest.xml:26:27-74
35            </intent-filter>
36        </activity>
37    </application>
38
39</manifest>